[INFO ] 2022-03-02 11:25:44.815 [main] BackbrickbookApplication - Iniciando...
[INFO ] 2022-03-02 11:25:45.067 [restartedMain] BackbrickbookApplication - Iniciando...
[INFO ] 2022-03-02 11:25:45.541 [restartedMain] BackbrickbookApplication - Starting BackbrickbookApplication using Java 1.8.0_291 on DESKTOP-CP7G7NU with PID 36808 (C:\Users\Lucas\Documents\codes\backbrickbook\target\classes started by Lucas in C:\Users\Lucas\Documents\codes\backbrickbook)
[DEBUG] 2022-03-02 11:25:45.544 [restartedMain] BackbrickbookApplication - Running with Spring Boot v2.6.3, Spring v5.3.15
[INFO ] 2022-03-02 11:25:45.545 [restartedMain] BackbrickbookApplication - No active profile set, falling back to default profiles: default
[INFO ] 2022-03-02 11:26:03.108 [main] BackbrickbookApplication - Iniciando...
[INFO ] 2022-03-02 11:26:03.383 [restartedMain] BackbrickbookApplication - Iniciando...
[INFO ] 2022-03-02 11:26:03.857 [restartedMain] BackbrickbookApplication - Starting BackbrickbookApplication using Java 1.8.0_291 on DESKTOP-CP7G7NU with PID 5620 (C:\Users\Lucas\Documents\codes\backbrickbook\target\classes started by Lucas in C:\Users\Lucas\Documents\codes\backbrickbook)
[DEBUG] 2022-03-02 11:26:03.861 [restartedMain] BackbrickbookApplication - Running with Spring Boot v2.6.3, Spring v5.3.15
[INFO ] 2022-03-02 11:26:03.861 [restartedMain] BackbrickbookApplication - No active profile set, falling back to default profiles: default
[INFO ] 2022-03-02 11:37:10.752 [main] BackbrickbookApplication - Iniciando...
[INFO ] 2022-03-02 11:37:11.009 [restartedMain] BackbrickbookApplication - Iniciando...
[INFO ] 2022-03-02 11:37:11.511 [restartedMain] BackbrickbookApplication - Starting BackbrickbookApplication using Java 1.8.0_291 on DESKTOP-CP7G7NU with PID 23320 (C:\Users\Lucas\Documents\codes\backbrickbook\target\classes started by Lucas in C:\Users\Lucas\Documents\codes\backbrickbook)
[DEBUG] 2022-03-02 11:37:11.515 [restartedMain] BackbrickbookApplication - Running with Spring Boot v2.6.3, Spring v5.3.15
[INFO ] 2022-03-02 11:37:11.515 [restartedMain] BackbrickbookApplication - No active profile set, falling back to default profiles: default
[INFO ] 2022-03-02 11:38:58.487 [main] BackbrickbookApplication - Iniciando...
[INFO ] 2022-03-02 11:38:58.736 [restartedMain] BackbrickbookApplication - Iniciando...
[INFO ] 2022-03-02 11:38:59.187 [restartedMain] BackbrickbookApplication - Starting BackbrickbookApplication using Java 1.8.0_291 on DESKTOP-CP7G7NU with PID 27748 (C:\Users\Lucas\Documents\codes\backbrickbook\target\classes started by Lucas in C:\Users\Lucas\Documents\codes\backbrickbook)
[DEBUG] 2022-03-02 11:38:59.190 [restartedMain] BackbrickbookApplication - Running with Spring Boot v2.6.3, Spring v5.3.15
[INFO ] 2022-03-02 11:38:59.191 [restartedMain] BackbrickbookApplication - No active profile set, falling back to default profiles: default
[INFO ] 2022-03-02 11:39:28.348 [main] BackbrickbookApplication - Iniciando...
[INFO ] 2022-03-02 11:39:28.607 [restartedMain] BackbrickbookApplication - Iniciando...
[INFO ] 2022-03-02 11:39:29.150 [restartedMain] BackbrickbookApplication - Starting BackbrickbookApplication using Java 1.8.0_291 on DESKTOP-CP7G7NU with PID 21692 (C:\Users\Lucas\Documents\codes\backbrickbook\target\classes started by Lucas in C:\Users\Lucas\Documents\codes\backbrickbook)
[DEBUG] 2022-03-02 11:39:29.154 [restartedMain] BackbrickbookApplication - Running with Spring Boot v2.6.3, Spring v5.3.15
[INFO ] 2022-03-02 11:39:29.154 [restartedMain] BackbrickbookApplication - No active profile set, falling back to default profiles: default
[INFO ] 2022-03-02 11:40:55.260 [main] BackbrickbookApplication - Iniciando...
[INFO ] 2022-03-02 11:40:55.538 [restartedMain] BackbrickbookApplication - Iniciando...
[INFO ] 2022-03-02 11:40:56.140 [restartedMain] BackbrickbookApplication - Starting BackbrickbookApplication using Java 1.8.0_291 on DESKTOP-CP7G7NU with PID 38328 (C:\Users\Lucas\Documents\codes\backbrickbook\target\classes started by Lucas in C:\Users\Lucas\Documents\codes\backbrickbook)
[DEBUG] 2022-03-02 11:40:56.147 [restartedMain] BackbrickbookApplication - Running with Spring Boot v2.6.3, Spring v5.3.15
[INFO ] 2022-03-02 11:40:56.148 [restartedMain] BackbrickbookApplication - No active profile set, falling back to default profiles: default
[INFO ] 2022-03-02 11:42:51.283 [main] BackbrickbookApplication - Iniciando...
[INFO ] 2022-03-02 11:42:51.545 [restartedMain] BackbrickbookApplication - Iniciando...
[INFO ] 2022-03-02 11:42:51.980 [restartedMain] BackbrickbookApplication - Starting BackbrickbookApplication using Java 1.8.0_291 on DESKTOP-CP7G7NU with PID 41456 (C:\Users\Lucas\Documents\codes\backbrickbook\target\classes started by Lucas in C:\Users\Lucas\Documents\codes\backbrickbook)
[DEBUG] 2022-03-02 11:42:51.983 [restartedMain] BackbrickbookApplication - Running with Spring Boot v2.6.3, Spring v5.3.15
[INFO ] 2022-03-02 11:42:51.983 [restartedMain] BackbrickbookApplication - No active profile set, falling back to default profiles: default
[INFO ] 2022-03-02 11:42:58.576 [restartedMain] BackbrickbookApplication - Started BackbrickbookApplication in 7.023 seconds (JVM running for 8.465)
[INFO ] 2022-03-02 11:43:16.271 [main] BackbrickbookApplication - Iniciando...
[INFO ] 2022-03-02 11:43:16.530 [restartedMain] BackbrickbookApplication - Iniciando...
[INFO ] 2022-03-02 11:43:17.053 [restartedMain] BackbrickbookApplication - Starting BackbrickbookApplication using Java 1.8.0_291 on DESKTOP-CP7G7NU with PID 32612 (C:\Users\Lucas\Documents\codes\backbrickbook\target\classes started by Lucas in C:\Users\Lucas\Documents\codes\backbrickbook)
[DEBUG] 2022-03-02 11:43:17.056 [restartedMain] BackbrickbookApplication - Running with Spring Boot v2.6.3, Spring v5.3.15
[INFO ] 2022-03-02 11:43:17.056 [restartedMain] BackbrickbookApplication - No active profile set, falling back to default profiles: default
[INFO ] 2022-03-02 11:44:15.173 [restartedMain] BackbrickbookApplication - Started BackbrickbookApplication in 58.635 seconds (JVM running for 59.923)
[INFO ] 2022-03-02 11:44:19.485 [main] BackbrickbookApplication - Iniciando...
[INFO ] 2022-03-02 11:44:19.840 [restartedMain] BackbrickbookApplication - Iniciando...
[INFO ] 2022-03-02 11:44:20.578 [restartedMain] BackbrickbookApplication - Starting BackbrickbookApplication using Java 1.8.0_291 on DESKTOP-CP7G7NU with PID 30868 (C:\Users\Lucas\Documents\codes\backbrickbook\target\classes started by Lucas in C:\Users\Lucas\Documents\codes\backbrickbook)
[DEBUG] 2022-03-02 11:44:20.584 [restartedMain] BackbrickbookApplication - Running with Spring Boot v2.6.3, Spring v5.3.15
[INFO ] 2022-03-02 11:44:20.585 [restartedMain] BackbrickbookApplication - No active profile set, falling back to default profiles: default
[INFO ] 2022-03-02 11:45:11.986 [restartedMain] BackbrickbookApplication - Started BackbrickbookApplication in 52.136 seconds (JVM running for 54.0)
[INFO ] 2022-03-02 11:45:17.547 [main] BackbrickbookApplication - Iniciando...
[INFO ] 2022-03-02 11:45:18.178 [restartedMain] BackbrickbookApplication - Iniciando...
[INFO ] 2022-03-02 11:45:19.164 [restartedMain] BackbrickbookApplication - Starting BackbrickbookApplication using Java 1.8.0_291 on DESKTOP-CP7G7NU with PID 17708 (C:\Users\Lucas\Documents\codes\backbrickbook\target\classes started by Lucas in C:\Users\Lucas\Documents\codes\backbrickbook)
[DEBUG] 2022-03-02 11:45:19.173 [restartedMain] BackbrickbookApplication - Running with Spring Boot v2.6.3, Spring v5.3.15
[INFO ] 2022-03-02 11:45:19.173 [restartedMain] BackbrickbookApplication - No active profile set, falling back to default profiles: default
[INFO ] 2022-03-02 13:53:43.800 [main] BackbrickbookApplication - Iniciando...
[INFO ] 2022-03-02 13:53:44.076 [restartedMain] BackbrickbookApplication - Iniciando...
[INFO ] 2022-03-02 13:53:44.617 [restartedMain] BackbrickbookApplication - Starting BackbrickbookApplication using Java 1.8.0_291 on DESKTOP-CP7G7NU with PID 15236 (C:\Users\Lucas\Documents\codes\backbrickbook\target\classes started by Lucas in C:\Users\Lucas\Documents\codes\backbrickbook)
[DEBUG] 2022-03-02 13:53:44.620 [restartedMain] BackbrickbookApplication - Running with Spring Boot v2.6.3, Spring v5.3.15
[INFO ] 2022-03-02 13:53:44.620 [restartedMain] BackbrickbookApplication - No active profile set, falling back to default profiles: default
[INFO ] 2022-03-02 13:54:03.538 [restartedMain] BackbrickbookApplication - Started BackbrickbookApplication in 19.452 seconds (JVM running for 21.038)
[INFO ] 2022-03-02 13:54:07.552 [main] BackbrickbookApplication - Iniciando...
[INFO ] 2022-03-02 13:54:07.829 [restartedMain] BackbrickbookApplication - Iniciando...
[INFO ] 2022-03-02 13:54:08.460 [restartedMain] BackbrickbookApplication - Starting BackbrickbookApplication using Java 1.8.0_291 on DESKTOP-CP7G7NU with PID 34628 (C:\Users\Lucas\Documents\codes\backbrickbook\target\classes started by Lucas in C:\Users\Lucas\Documents\codes\backbrickbook)
[DEBUG] 2022-03-02 13:54:08.466 [restartedMain] BackbrickbookApplication - Running with Spring Boot v2.6.3, Spring v5.3.15
[INFO ] 2022-03-02 13:54:08.466 [restartedMain] BackbrickbookApplication - No active profile set, falling back to default profiles: default
[INFO ] 2022-03-02 13:55:06.607 [restartedMain] BackbrickbookApplication - Started BackbrickbookApplication in 58.77 seconds (JVM running for 60.263)
[INFO ] 2022-03-02 13:55:10.516 [main] BackbrickbookApplication - Iniciando...
[INFO ] 2022-03-02 13:55:10.811 [restartedMain] BackbrickbookApplication - Iniciando...
[INFO ] 2022-03-02 13:55:11.351 [restartedMain] BackbrickbookApplication - Starting BackbrickbookApplication using Java 1.8.0_291 on DESKTOP-CP7G7NU with PID 25856 (C:\Users\Lucas\Documents\codes\backbrickbook\target\classes started by Lucas in C:\Users\Lucas\Documents\codes\backbrickbook)
[DEBUG] 2022-03-02 13:55:11.356 [restartedMain] BackbrickbookApplication - Running with Spring Boot v2.6.3, Spring v5.3.15
[INFO ] 2022-03-02 13:55:11.356 [restartedMain] BackbrickbookApplication - No active profile set, falling back to default profiles: default
[INFO ] 2022-03-02 13:55:40.512 [restartedMain] BackbrickbookApplication - Started BackbrickbookApplication in 29.692 seconds (JVM running for 31.335)
[INFO ] 2022-03-02 13:56:05.579 [main] BackbrickbookApplication - Iniciando...
[INFO ] 2022-03-02 13:56:05.856 [restartedMain] BackbrickbookApplication - Iniciando...
[INFO ] 2022-03-02 13:56:06.426 [restartedMain] BackbrickbookApplication - Starting BackbrickbookApplication using Java 1.8.0_291 on DESKTOP-CP7G7NU with PID 19784 (C:\Users\Lucas\Documents\codes\backbrickbook\target\classes started by Lucas in C:\Users\Lucas\Documents\codes\backbrickbook)
[DEBUG] 2022-03-02 13:56:06.431 [restartedMain] BackbrickbookApplication - Running with Spring Boot v2.6.3, Spring v5.3.15
[INFO ] 2022-03-02 13:56:06.431 [restartedMain] BackbrickbookApplication - No active profile set, falling back to default profiles: default
[INFO ] 2022-03-02 13:58:19.948 [restartedMain] BackbrickbookApplication - Started BackbrickbookApplication in 134.082 seconds (JVM running for 135.526)
[INFO ] 2022-03-02 13:58:23.940 [main] BackbrickbookApplication - Iniciando...
[INFO ] 2022-03-02 13:58:24.306 [restartedMain] BackbrickbookApplication - Iniciando...
[INFO ] 2022-03-02 13:58:25.119 [restartedMain] BackbrickbookApplication - Starting BackbrickbookApplication using Java 1.8.0_291 on DESKTOP-CP7G7NU with PID 5664 (C:\Users\Lucas\Documents\codes\backbrickbook\target\classes started by Lucas in C:\Users\Lucas\Documents\codes\backbrickbook)
[DEBUG] 2022-03-02 13:58:25.124 [restartedMain] BackbrickbookApplication - Running with Spring Boot v2.6.3, Spring v5.3.15
[INFO ] 2022-03-02 13:58:25.125 [restartedMain] BackbrickbookApplication - No active profile set, falling back to default profiles: default
[INFO ] 2022-03-02 13:58:46.664 [restartedMain] BackbrickbookApplication - Started BackbrickbookApplication in 22.339 seconds (JVM running for 24.192)
[INFO ] 2022-03-02 13:58:51.322 [main] BackbrickbookApplication - Iniciando...
[INFO ] 2022-03-02 13:58:51.853 [restartedMain] BackbrickbookApplication - Iniciando...
[INFO ] 2022-03-02 13:58:52.541 [restartedMain] BackbrickbookApplication - Starting BackbrickbookApplication using Java 1.8.0_291 on DESKTOP-CP7G7NU with PID 32708 (C:\Users\Lucas\Documents\codes\backbrickbook\target\classes started by Lucas in C:\Users\Lucas\Documents\codes\backbrickbook)
[DEBUG] 2022-03-02 13:58:52.545 [restartedMain] BackbrickbookApplication - Running with Spring Boot v2.6.3, Spring v5.3.15
[INFO ] 2022-03-02 13:58:52.545 [restartedMain] BackbrickbookApplication - No active profile set, falling back to default profiles: default
[INFO ] 2022-03-02 13:59:18.039 [restartedMain] BackbrickbookApplication - Started BackbrickbookApplication in 26.145 seconds (JVM running for 28.609)
